[01m[K/home/ernest/Documents/Universita/Terzo_anno/LAB IAGI/Progetto_finale_LABIAGI/Progetto_LAB_IAGI_Collision_Avoidance/src/collision_avoidance/src/controller_node.cpp:[m[K In function â€˜[01m[Kint main(int, char**)[m[Kâ€™:
[01m[K/home/ernest/Documents/Universita/Terzo_anno/LAB IAGI/Progetto_finale_LABIAGI/Progetto_LAB_IAGI_Collision_Avoidance/src/collision_avoidance/src/controller_node.cpp:140:94:[m[K [01;31m[Kerror: [m[Kâ€˜[01m[Kcollision_avoidance::Istruzione {aka struct collision_avoidance::Istruzione_<std::allocator<void> >}[m[Kâ€™ has no member named â€˜[01m[Kangolar_velocity[m[Kâ€™; did you mean â€˜[01m[Kangular_velocity[m[Kâ€™?
   printf("velocita linear pressa: %f ,velocita angolare: %f",command.linear_velocity,command.[01;31m[Kangolar_velocity[m[K);
                                                                                              [01;31m[K^~~~~~~~~~~~~~~~[m[K
                                                                                              [32m[Kangular_velocity[m[K
make[2]: *** [CMakeFiles/controller_node.dir/src/controller_node.cpp.o] Error 1
make[1]: *** [CMakeFiles/controller_node.dir/all] Error 2
make[1]: *** Waiting for unfinished jobs....
make: *** [all] Error 2
