[35m[1mScanning dependencies of target controller_node[0m
[  0%] Built target std_msgs_generate_messages_py
[ 18%] Built target command_node
[ 27%] [32mBuilding CXX object CMakeFiles/controller_node.dir/src/controller_node.cpp.o[0m
[ 27%] Built target std_msgs_generate_messages_eus
[ 27%] Built target _collision_avoidance_generate_messages_check_deps_Istruzione
[ 27%] Built target std_msgs_generate_messages_lisp
[ 27%] Built target std_msgs_generate_messages_cpp
[ 27%] Built target std_msgs_generate_messages_nodejs
[ 45%] Built target collision_avoidance_generate_messages_py
[ 54%] Built target collision_avoidance_generate_messages_lisp
[ 72%] Built target collision_avoidance_generate_messages_eus
[ 81%] Built target collision_avoidance_generate_messages_cpp
[ 90%] Built target collision_avoidance_generate_messages_nodejs
[ 90%] Built target collision_avoidance_generate_messages
[01m[K/home/ernest/Documents/Universita/Terzo_anno/LAB_IAGI/Progetto_finale_LABIAGI/Progetto_LAB_IAGI_Collision_Avoidance/src/collision_avoidance/src/controller_node.cpp:[m[K In function â€˜[01m[Kint main(int, char**)[m[Kâ€™:
[01m[K/home/ernest/Documents/Universita/Terzo_anno/LAB_IAGI/Progetto_finale_LABIAGI/Progetto_LAB_IAGI_Collision_Avoidance/src/collision_avoidance/src/controller_node.cpp:164:83:[m[K [01;31m[Kerror: [m[Kâ€˜[01m[Kcollision_avoidance::Istruzione_<std::allocator<void> >::_nome_utente_type {aka class std::__cxx11::basic_string<char>}[m[Kâ€™ has no member named â€˜[01m[Kfirst[m[Kâ€™
     printf("Navigando con velocita lineare inserita dal %s\n",command.nome_utente.[01;31m[Kfirst[m[K.c_str());
                                                                                   [01;31m[K^~~~~[m[K
CMakeFiles/controller_node.dir/build.make:62: recipe for target 'CMakeFiles/controller_node.dir/src/controller_node.cpp.o' failed
make[2]: *** [CMakeFiles/controller_node.dir/src/controller_node.cpp.o] Error 1
CMakeFiles/Makefile2:104: recipe for target 'CMakeFiles/controller_node.dir/all' failed
make[1]: *** [CMakeFiles/controller_node.dir/all] Error 2
Makefile:140: recipe for target 'all' failed
make: *** [all] Error 2
