[01m[K/home/ernest/Documents/Universita/Terzo_anno/LAB_IAGI/Progetto_finale_LABIAGI/Progetto_LAB_IAGI_Collision_Avoidance/src/collision_avoidance/src/command_node.cpp:[m[K In function â€˜[01m[Kint main(int, char**)[m[Kâ€™:
[01m[K/home/ernest/Documents/Universita/Terzo_anno/LAB_IAGI/Progetto_finale_LABIAGI/Progetto_LAB_IAGI_Collision_Avoidance/src/collision_avoidance/src/command_node.cpp:15:6:[m[K [01;35m[Kwarning: [m[Kdecomposition declaration only available with -std=c++1z or -std=gnu++1z
  char[01;35m[K[[m[K] n_utente;
      [01;35m[K^[m[K
[01m[K/home/ernest/Documents/Universita/Terzo_anno/LAB_IAGI/Progetto_finale_LABIAGI/Progetto_LAB_IAGI_Collision_Avoidance/src/collision_avoidance/src/command_node.cpp:15:6:[m[K [01;31m[Kerror: [m[Kdecomposition declaration cannot be declared with type â€˜[01m[Kchar[m[Kâ€™
  char[01;31m[K[][m[K n_utente;
      [01;31m[K^~[m[K
[01m[K/home/ernest/Documents/Universita/Terzo_anno/LAB_IAGI/Progetto_finale_LABIAGI/Progetto_LAB_IAGI_Collision_Avoidance/src/collision_avoidance/src/command_node.cpp:15:6:[m[K [01;36m[Knote: [m[Ktype must be cv-qualified â€˜[01m[Kauto[m[Kâ€™ or reference to cv-qualified â€˜[01m[Kauto[m[Kâ€™
[01m[K/home/ernest/Documents/Universita/Terzo_anno/LAB_IAGI/Progetto_finale_LABIAGI/Progetto_LAB_IAGI_Collision_Avoidance/src/collision_avoidance/src/command_node.cpp:15:6:[m[K [01;31m[Kerror: [m[Kempty decomposition declaration
[01m[K/home/ernest/Documents/Universita/Terzo_anno/LAB_IAGI/Progetto_finale_LABIAGI/Progetto_LAB_IAGI_Collision_Avoidance/src/collision_avoidance/src/command_node.cpp:15:9:[m[K [01;31m[Kerror: [m[Kexpected initializer before â€˜[01m[Kn_utente[m[Kâ€™
  char[] [01;31m[Kn_utente[m[K;
         [01;31m[K^~~~~~~~[m[K
[01m[K/home/ernest/Documents/Universita/Terzo_anno/LAB_IAGI/Progetto_finale_LABIAGI/Progetto_LAB_IAGI_Collision_Avoidance/src/collision_avoidance/src/command_node.cpp:36:15:[m[K [01;31m[Kerror: [m[Kâ€˜[01m[Kn_utente[m[Kâ€™ was not declared in this scope
    scanf("%s",[01;31m[Kn_utente[m[K);
               [01;31m[K^~~~~~~~[m[K
[01m[K/home/ernest/Documents/Universita/Terzo_anno/LAB_IAGI/Progetto_finale_LABIAGI/Progetto_LAB_IAGI_Collision_Avoidance/src/collision_avoidance/src/command_node.cpp:36:15:[m[K [01;36m[Knote: [m[Ksuggested alternative: â€˜[01m[Kputenv[m[Kâ€™
    scanf("%s",[01;36m[Kn_utente[m[K);
               [01;36m[K^~~~~~~~[m[K
               [32m[Kputenv[m[K
make[2]: *** [CMakeFiles/command_node.dir/src/command_node.cpp.o] Error 1
make[1]: *** [CMakeFiles/command_node.dir/all] Error 2
make: *** [all] Error 2
