[35m[1mScanning dependencies of target command_node[0m
[  0%] Built target std_msgs_generate_messages_py
[  9%] [32mBuilding CXX object CMakeFiles/command_node.dir/src/command_node.cpp.o[0m
[ 27%] Built target controller_node
[ 27%] Built target std_msgs_generate_messages_eus
[ 27%] Built target _collision_avoidance_generate_messages_check_deps_Istruzione
[ 27%] Built target std_msgs_generate_messages_lisp
[ 27%] Built target std_msgs_generate_messages_cpp
[ 27%] Built target std_msgs_generate_messages_nodejs
[ 45%] Built target collision_avoidance_generate_messages_py
[ 63%] Built target collision_avoidance_generate_messages_eus
[ 72%] Built target collision_avoidance_generate_messages_lisp
[ 81%] Built target collision_avoidance_generate_messages_cpp
[ 90%] Built target collision_avoidance_generate_messages_nodejs
[ 90%] Built target collision_avoidance_generate_messages
[01m[K/home/ernest/Documents/Universita/Terzo_anno/LAB_IAGI/Progetto_finale_LABIAGI/Progetto_LAB_IAGI_Collision_Avoidance/src/collision_avoidance/src/command_node.cpp:[m[K In function â€˜[01m[Kint main(int, char**)[m[Kâ€™:
[01m[K/home/ernest/Documents/Universita/Terzo_anno/LAB_IAGI/Progetto_finale_LABIAGI/Progetto_LAB_IAGI_Collision_Avoidance/src/collision_avoidance/src/command_node.cpp:55:4:[m[K [01;31m[Kerror: [m[Kâ€˜[01m[Kloop_rate[m[Kâ€™ was not declared in this scope
    [01;31m[Kloop_rate[m[K.sleep();
    [01;31m[K^~~~~~~~~[m[K
CMakeFiles/command_node.dir/build.make:62: recipe for target 'CMakeFiles/command_node.dir/src/command_node.cpp.o' failed
make[2]: *** [CMakeFiles/command_node.dir/src/command_node.cpp.o] Error 1
make[1]: *** [CMakeFiles/command_node.dir/all] Error 2
CMakeFiles/Makefile2:67: recipe for target 'CMakeFiles/command_node.dir/all' failed
Makefile:140: recipe for target 'all' failed
make: *** [all] Error 2
