[35m[1mScanning dependencies of target controller_node[0m
[  9%] Built target std_msgs_generate_messages_py
[ 18%] Built target command_node
[ 27%] [32mBuilding CXX object CMakeFiles/controller_node.dir/src/controller_node.cpp.o[0m
[ 27%] Built target std_msgs_generate_messages_lisp
[ 27%] Built target _collision_avoidance_generate_messages_check_deps_Istruzione
[ 27%] Built target std_msgs_generate_messages_eus
[ 27%] Built target std_msgs_generate_messages_cpp
[ 27%] Built target std_msgs_generate_messages_nodejs
[ 45%] Built target collision_avoidance_generate_messages_py
[ 63%] Built target collision_avoidance_generate_messages_eus
[ 72%] Built target collision_avoidance_generate_messages_lisp
[ 81%] Built target collision_avoidance_generate_messages_cpp
[ 90%] Built target collision_avoidance_generate_messages_nodejs
[ 90%] Built target collision_avoidance_generate_messages
[01m[K/home/ernest/Documents/Universita/Terzo_anno/LAB_IAGI/Progetto_finale_LABIAGI/Progetto_LAB_IAGI_Collision_Avoidance/src/collision_avoidance/src/controller_node.cpp:[m[K In function â€˜[01m[Kint main(int, char**)[m[Kâ€™:
[01m[K/home/ernest/Documents/Universita/Terzo_anno/LAB_IAGI/Progetto_finale_LABIAGI/Progetto_LAB_IAGI_Collision_Avoidance/src/collision_avoidance/src/controller_node.cpp:162:80:[m[K [01;31m[Kerror: [m[KISO C++ forbids casting to an array type â€˜[01m[Kchar [][m[Kâ€™
     printf("Navigando con velocita lineare inserita dal %s\n",(char [])command.[01;31m[Knome_utente[m[K);
                                                                                [01;31m[K^~~~~~~~~~~[m[K
CMakeFiles/controller_node.dir/build.make:62: recipe for target 'CMakeFiles/controller_node.dir/src/controller_node.cpp.o' failed
make[2]: *** [CMakeFiles/controller_node.dir/src/controller_node.cpp.o] Error 1
CMakeFiles/Makefile2:104: recipe for target 'CMakeFiles/controller_node.dir/all' failed
make[1]: *** [CMakeFiles/controller_node.dir/all] Error 2
Makefile:140: recipe for target 'all' failed
make: *** [all] Error 2
