[35m[1mScanning dependencies of target command_node[0m
[  0%] Built target std_msgs_generate_messages_py
[  9%] [32mBuilding CXX object CMakeFiles/command_node.dir/src/command_node.cpp.o[0m
[ 27%] Built target controller_node
[ 27%] Built target std_msgs_generate_messages_eus
[ 27%] Built target _collision_avoidance_generate_messages_check_deps_Istruzione
[ 27%] Built target std_msgs_generate_messages_lisp
[ 27%] Built target std_msgs_generate_messages_cpp
[ 27%] Built target std_msgs_generate_messages_nodejs
[ 45%] Built target collision_avoidance_generate_messages_py
[ 72%] Built target collision_avoidance_generate_messages_eus
[ 72%] Built target collision_avoidance_generate_messages_lisp
[ 81%] Built target collision_avoidance_generate_messages_cpp
[ 90%] Built target collision_avoidance_generate_messages_nodejs
[ 90%] Built target collision_avoidance_generate_messages
[01m[K/home/ernest/Documents/Universita/Terzo_anno/LAB_IAGI/Progetto_finale_LABIAGI/Progetto_LAB_IAGI_Collision_Avoidance/src/collision_avoidance/src/command_node.cpp:[m[K In function â€˜[01m[Kint main(int, char**)[m[Kâ€™:
[01m[K/home/ernest/Documents/Universita/Terzo_anno/LAB_IAGI/Progetto_finale_LABIAGI/Progetto_LAB_IAGI_Collision_Avoidance/src/collision_avoidance/src/command_node.cpp:20:2:[m[K [01;31m[Kerror: [m[Kâ€˜[01m[Kstring[m[Kâ€™ was not declared in this scope
  [01;31m[Kstring[m[K nome_utente="";
  [01;31m[K^~~~~~[m[K
[01m[K/home/ernest/Documents/Universita/Terzo_anno/LAB_IAGI/Progetto_finale_LABIAGI/Progetto_LAB_IAGI_Collision_Avoidance/src/collision_avoidance/src/command_node.cpp:20:2:[m[K [01;36m[Knote: [m[Ksuggested alternatives:
In file included from [01m[K/usr/include/c++/7/string:39:0[m[K,
                 from [01m[K/opt/ros/melodic/include/ros/platform.h:38[m[K,
                 from [01m[K/opt/ros/melodic/include/ros/time.h:53[m[K,
                 from [01m[K/opt/ros/melodic/include/ros/ros.h:38[m[K,
                 from [01m[K/home/ernest/Documents/Universita/Terzo_anno/LAB_IAGI/Progetto_finale_LABIAGI/Progetto_LAB_IAGI_Collision_Avoidance/src/collision_avoidance/src/command_node.cpp:1[m[K:
[01m[K/usr/include/c++/7/bits/stringfwd.h:74:33:[m[K [01;36m[Knote: [m[K  â€˜[01m[Kstd::__cxx11::string[m[Kâ€™
   typedef basic_string<char>    [01;36m[Kstring[m[K;
                                 [01;36m[K^~~~~~[m[K
[01m[K/usr/include/c++/7/bits/stringfwd.h:74:33:[m[K [01;36m[Knote: [m[K  â€˜[01m[Kstd::__cxx11::string[m[Kâ€™
In file included from [01m[K/usr/include/boost/lexical_cast/detail/converter_lexical.hpp:52:0[m[K,
                 from [01m[K/usr/include/boost/lexical_cast/try_lexical_convert.hpp:42[m[K,
                 from [01m[K/usr/include/boost/lexical_cast.hpp:32[m[K,
                 from [01m[K/opt/ros/melodic/include/ros/transport_hints.h:34[m[K,
                 from [01m[K/opt/ros/melodic/include/ros/subscribe_options.h:33[m[K,
                 from [01m[K/opt/ros/melodic/include/ros/node_handle.h:42[m[K,
                 from [01m[K/opt/ros/melodic/include/ros/ros.h:45[m[K,
                 from [01m[K/home/ernest/Documents/Universita/Terzo_anno/LAB_IAGI/Progetto_finale_LABIAGI/Progetto_LAB_IAGI_Collision_Avoidance/src/collision_avoidance/src/command_node.cpp:1[m[K:
[01m[K/usr/include/boost/container/container_fwd.hpp:195:1:[m[K [01;36m[Knote: [m[K  â€˜[01m[Kboost::container::string[m[Kâ€™
 [01;36m[Kstring[m[K;
 [01;36m[K^~~~~~[m[K
[01m[K/home/ernest/Documents/Universita/Terzo_anno/LAB_IAGI/Progetto_finale_LABIAGI/Progetto_LAB_IAGI_Collision_Avoidance/src/collision_avoidance/src/command_node.cpp:40:16:[m[K [01;31m[Kerror: [m[Kâ€˜[01m[Knome_utente[m[Kâ€™ was not declared in this scope
    scanf("%s",&[01;31m[Knome_utente[m[K);
                [01;31m[K^~~~~~~~~~~[m[K
[01m[K/home/ernest/Documents/Universita/Terzo_anno/LAB_IAGI/Progetto_finale_LABIAGI/Progetto_LAB_IAGI_Collision_Avoidance/src/collision_avoidance/src/command_node.cpp:66:25:[m[K [01;31m[Kerror: [m[Kâ€˜[01m[Knome_utente[m[Kâ€™ was not declared in this scope
   messaggio.nome_utente=[01;31m[Knome_utente[m[K;
                         [01;31m[K^~~~~~~~~~~[m[K
CMakeFiles/command_node.dir/build.make:62: recipe for target 'CMakeFiles/command_node.dir/src/command_node.cpp.o' failed
make[2]: *** [CMakeFiles/command_node.dir/src/command_node.cpp.o] Error 1
CMakeFiles/Makefile2:67: recipe for target 'CMakeFiles/command_node.dir/all' failed
make[1]: *** [CMakeFiles/command_node.dir/all] Error 2
Makefile:140: recipe for target 'all' failed
make: *** [all] Error 2
